0711533
110511098
110511069
110511061
110511153
110511185
110511168
109101006
110511071
110511257
110511005
110511166
110511218
110511161
110511232
110511172
110511158
110511137
110511246
110511230
110511220
110511134
110511131
110511090
110511159
110511199
0711019
110511264
0710859
110511173
110511135
110511178
0711092
110511111
310511000
0710859
0711019
0711092
0711533
109101006
110511005
110511061
110511069
110511071
110511090
110511098
110511111
110511131
110511134
110511135
110511137
110511153
110511158
110511159
110511161
110511166
110511168
110511172
110511173
110511178
110511185
110511199
110511218
110511220
110511230
110511232
110511246
110511257
110511264
310511000
