110511173
110511206
110511273
110511071
110511069
0711092
110511111
110511061
110511137
110511232
110511142
109950007
110511230
110511178
0711533
110511220
110511090
110511172
110511128
110511199
110511158
310511000
110511153
110511005
110511166
110511161
0711019
0810519
110511168
110511185
110511257
110511135
110511159
110511246
0710859
0810539
110511204
110511131
110511134
110511218
110511098
110511264
0710859
0711019
0711092
0711533
0810519
0810539
109101006
109950007
110511005
110511061
110511069
110511071
110511090
110511098
110511111
110511128
110511131
110511134
110511135
110511137
110511153
110511158
110511159
110511161
110511166
110511168
110511172
110511173
110511178
110511185
110511199
110511218
110511220
110511230
110511232
110511246
110511257
110511264
110511273
