110511142
110511131
110511199
110511257
110511005
110511153
0711533
110511218
110511220
110511246
110511069
110511159
310511000
110511206
110511137
110511173
110511158
0711092
0810519
109950007
110511178
110511166
110511172
110511098
110511061
110511185
0710859
0711019
0810539
110511168
110511128
110511111
110511230
110511232
110511161
109101006
110511135
110511071
110511090
110511264
0710859
0711019
0711092
0711533
0810519
0810539
109101006
109950007
110511005
110511061
110511069
110511071
110511090
110511098
110511111
110511128
110511131
110511134
110511135
110511137
110511153
110511158
110511159
110511161
110511166
110511168
110511172
110511173
110511178
110511185
110511199
110511218
110511220
110511230
110511232
110511246
110511257
110511264
310511000
