110511090
110511178
110511199
110511071
110511005
110511185
110511131
0710859
110511061
110511069
110511172
109101006
0810519
110511134
110511166
110511137
109950007
110511264
110511173
0711533
110511230
110511218
0711092
110511273
110511128
110511161
110511232
110511220
demo
110511153
110511204
110511158
110511098
110511257
0711019
0810539
110511159
110511111
110511246
110511168
110511135
0710859
0711019
0711092
0711533
0810519
0810539
109101006
109950007
110511005
110511061
110511069
110511071
110511090
110511098
110511111
110511128
110511131
110511134
110511135
110511137
110511153
110511158
110511159
110511161
110511166
110511168
110511172
110511173
110511178
110511185
110511199
110511204
110511218
110511220
110511230
110511232
110511246
110511257
110511264
110511273
